<?xml version="1.0" encoding="UTF-8"?>
<testsuite name="Consulta de vacantes" tests="1" skipped="0" failures="1" errors="0" timestamp="2021-02-12T03:16:45" hostname="ROAA" time="37.27">
  <properties/>
  <testcase name="Consulta de vacantes" classname="Consulta de vacantes" time="37.27">
    <failure message="org.openqa.selenium.ElementClickInterceptedException: element click intercepted: Element &lt;a href=&quot;#convocatorias&quot;&gt;...&lt;/a&gt; is not clickable at point (674, 9). Other element would receive the click: &lt;li id=&quot;menu-item-1876&quot; class=&quot;menu-item menu-item-type-post_type menu-item-object-page menu-item-1876&quot;&gt;...&lt;/li&gt;&#10;  (Session info: chrome=88.0.4324.150)&#10;Build info: version: '3.141.59', revision: 'e82be7d358', time: '2018-11-14T08:17:03'&#10;System info: host: 'ROAA', ip: '192.168.1.110', os.name: 'Windows 10', os.arch: 'amd64', os.version: '10.0', java.version: '1.8.0_281'&#10;Driver info: org.openqa.selenium.chrome.ChromeDriver&#10;Capabilities {acceptInsecureCerts: false, browserName: chrome, browserVersion: 88.0.4324.150, chrome: {chromedriverVersion: 87.0.4280.88 (89e2380a3e36c..., userDataDir: C:\Users\amarm\AppData\Loca...}, goog:chromeOptions: {debuggerAddress: localhost:62299}, javascriptEnabled: true, networkConnectionEnabled: false, pageLoadStrategy: normal, platform: WINDOWS, platformName: WINDOWS, proxy: Proxy(), setWindowRect: true, strictFileInteractability: false, timeouts: {implicit: 0, pageLoad: 300000, script: 30000}, unhandledPromptBehavior: dismiss and notify, webauthn:virtualAuthenticators: true}&#10;Session ID: 56c6887373f0aaa68153e9762aef99c2" type="org.openqa.selenium.ElementClickInterceptedException">org.openqa.selenium.ElementClickInterceptedException: element click intercepted: Element &lt;a href=&quot;#convocatorias&quot;&gt;...&lt;/a&gt; is not clickable at point (674, 9). Other element would receive the click: &lt;li id=&quot;menu-item-1876&quot; class=&quot;menu-item menu-item-type-post_type menu-item-object-page menu-item-1876&quot;&gt;...&lt;/li&gt;
  (Session info: chrome=88.0.4324.150)
Build info: version: '3.141.59', revision: 'e82be7d358', time: '2018-11-14T08:17:03'
System info: host: 'ROAA', ip: '192.168.1.110', os.name: 'Windows 10', os.arch: 'amd64', os.version: '10.0', java.version: '1.8.0_281'
Driver info: org.openqa.selenium.chrome.ChromeDriver
Capabilities {acceptInsecureCerts: false, browserName: chrome, browserVersion: 88.0.4324.150, chrome: {chromedriverVersion: 87.0.4280.88 (89e2380a3e36c..., userDataDir: C:\Users\amarm\AppData\Loca...}, goog:chromeOptions: {debuggerAddress: localhost:62299}, javascriptEnabled: true, networkConnectionEnabled: false, pageLoadStrategy: normal, platform: WINDOWS, platformName: WINDOWS, proxy: Proxy(), setWindowRect: true, strictFileInteractability: false, timeouts: {implicit: 0, pageLoad: 300000, script: 30000}, unhandledPromptBehavior: dismiss and notify, webauthn:virtualAuthenticators: true}
Session ID: 56c6887373f0aaa68153e9762aef99c2
	at sun.reflect.NativeConstructorAccessorImpl.newInstance0(Native Method)
	at sun.reflect.NativeConstructorAccessorImpl.newInstance(NativeConstructorAccessorImpl.java:62)
	at sun.reflect.DelegatingConstructorAccessorImpl.newInstance(DelegatingConstructorAccessorImpl.java:45)
	at java.lang.reflect.Constructor.newInstance(Constructor.java:423)
	at org.openqa.selenium.remote.http.W3CHttpResponseCodec.createException(W3CHttpResponseCodec.java:187)
	at org.openqa.selenium.remote.http.W3CHttpResponseCodec.decode(W3CHttpResponseCodec.java:122)
	at org.openqa.selenium.remote.http.W3CHttpResponseCodec.decode(W3CHttpResponseCodec.java:49)
	at org.openqa.selenium.remote.HttpCommandExecutor.execute(HttpCommandExecutor.java:158)
	at org.openqa.selenium.remote.service.DriverCommandExecutor.execute(DriverCommandExecutor.java:83)
	at org.openqa.selenium.remote.RemoteWebDriver.execute(RemoteWebDriver.java:552)
	at org.openqa.selenium.remote.RemoteWebElement.execute(RemoteWebElement.java:285)
	at org.openqa.selenium.remote.RemoteWebElement.click(RemoteWebElement.java:84)
	at net.serenitybdd.core.pages.WebElementFacadeImpl.click(WebElementFacadeImpl.java:1231)
	at sun.reflect.NativeMethodAccessorImpl.invoke0(Native Method)
	at sun.reflect.NativeMethodAccessorImpl.invoke(NativeMethodAccessorImpl.java:62)
	at sun.reflect.DelegatingMethodAccessorImpl.invoke(DelegatingMethodAccessorImpl.java:43)
	at java.lang.reflect.Method.invoke(Method.java:498)
	at net.thucydides.core.annotations.locators.AbstractSingleItemHandler.invoke(AbstractSingleItemHandler.java:45)
	at com.sun.proxy.$Proxy34.click(Unknown Source)
	at SeleniumGradle.pages.ChoucairJobPage.convocatorias(ChoucairJobPage.java:40)
	at SeleniumGradle.steps.ConsultarVacantesStep.convocatorias(ConsultarVacantesStep.java:26)
	at SeleniumGradle.steps.ConsultarVacantesStep$ByteBuddy$f8MDYlh2.convocatorias$accessor$qQSlBRkR(Unknown Source)
	at sun.reflect.NativeMethodAccessorImpl.invoke0(Native Method)
	at sun.reflect.NativeMethodAccessorImpl.invoke(NativeMethodAccessorImpl.java:62)
	at sun.reflect.DelegatingMethodAccessorImpl.invoke(DelegatingMethodAccessorImpl.java:43)
	at java.lang.reflect.Method.invoke(Method.java:498)
	at net.thucydides.core.steps.StepInterceptor.invokeMethod(StepInterceptor.java:471)
	at net.thucydides.core.steps.StepInterceptor.executeTestStepMethod(StepInterceptor.java:451)
	at net.thucydides.core.steps.StepInterceptor.runTestStep(StepInterceptor.java:424)
	at net.thucydides.core.steps.StepInterceptor.runOrSkipMethod(StepInterceptor.java:180)
	at net.thucydides.core.steps.StepInterceptor.testStepResult(StepInterceptor.java:167)
	at net.thucydides.core.steps.StepInterceptor.intercept(StepInterceptor.java:75)
	at SeleniumGradle.steps.ConsultarVacantesStep$ByteBuddy$f8MDYlh2.convocatorias(Unknown Source)
	at stepdefinitions.ConsultaVacantesStepDefinitions.puedoConsultarLasVacantesDisponibles(ConsultaVacantesStepDefinitions.java:29)
	at ✽.puedo consultar las vacantes disponibles(src/test/resources/features/ConsultaVacantes.feature:13)
</failure>
  </testcase>
  <system-out><![CDATA[]]></system-out>
  <system-err><![CDATA[[Test worker] WARN net.thucydides.core.steps.BaseStepListener - stepStarted: net.thucydides.core.steps.ExecutedStepDescription@62680ee4
[Test worker] WARN net.thucydides.core.steps.BaseStepListener - stepStarted: net.thucydides.core.steps.ExecutedStepDescription@57806ef3
feb 11, 2021 10:16:47 PM org.openqa.selenium.remote.DesiredCapabilities chrome
INFORMACIÓN: Using `new ChromeOptions()` is preferred to `DesiredCapabilities.chrome()`
[Test worker] INFO net.serenitybdd.core.webdriver.driverproviders.ProvideNewDriver - Instantiating driver
[Test worker] INFO net.serenitybdd.core.webdriver.driverproviders.ProvideNewDriver - Driver capabilities: Capabilities {acceptInsecureCerts: false, browserName: chrome, goog:chromeOptions: {args: [], extensions: []}, loggingPrefs: org.openqa.selenium.logging..., platform: ANY, version: }
Starting ChromeDriver 87.0.4280.88 (89e2380a3e36c3464b5dd1302349b1382549290d-refs/branch-heads/4280@{#1761}) on port 21708
Only local connections are allowed.
Please see https://chromedriver.chromium.org/security-considerations for suggestions on keeping ChromeDriver safe.
ChromeDriver was started successfully.
[1613099811.755][WARNING]: This version of ChromeDriver has not been tested with Chrome version 88.
feb 11, 2021 10:16:53 PM org.openqa.selenium.remote.ProtocolHandshake createSession
INFORMACIÓN: Detected dialect: W3C
[Test worker] WARN net.thucydides.core.steps.BaseStepListener - stepFinished: current outcome:Consulta de vacantes:Given que estoy en la pagina de choucair [Abrir pagina choucair]
[Test worker] WARN net.thucydides.core.steps.BaseStepListener - stepFinished: current outcome:Consulta de vacantes:Given que estoy en la pagina de choucair [Abrir pagina choucair]
[Test worker] WARN net.thucydides.core.steps.BaseStepListener - stepStarted: net.thucydides.core.steps.ExecutedStepDescription@3bd09ef6
[Test worker] WARN net.thucydides.core.steps.BaseStepListener - stepStarted: net.thucydides.core.steps.ExecutedStepDescription@23591013
[Test worker] WARN net.thucydides.core.steps.BaseStepListener - stepFinished: current outcome:Consulta de vacantes:Given que estoy en la pagina de choucair [Abrir pagina choucair], When ingreso a la seccion de empleo [Ir pagina de empleo]
[Test worker] WARN net.thucydides.core.steps.BaseStepListener - stepFinished: current outcome:Consulta de vacantes:Given que estoy en la pagina de choucair [Abrir pagina choucair], When ingreso a la seccion de empleo [Ir pagina de empleo]
[Test worker] WARN net.thucydides.core.steps.BaseStepListener - stepStarted: net.thucydides.core.steps.ExecutedStepDescription@204af54b
[Test worker] WARN net.thucydides.core.steps.BaseStepListener - stepStarted: net.thucydides.core.steps.ExecutedStepDescription@7a696037
[Test worker] WARN net.thucydides.core.steps.BaseStepListener - stepFinished: current outcome:Consulta de vacantes:Given que estoy en la pagina de choucair [Abrir pagina choucair], When ingreso a la seccion de empleo [Ir pagina de empleo], Then puedo consultar las vacantes disponibles [Que es choucair]
[Test worker] WARN net.thucydides.core.steps.BaseStepListener - stepStarted: net.thucydides.core.steps.ExecutedStepDescription@6151999e
[Test worker] WARN net.thucydides.core.steps.BaseStepListener - testFinished: Consulta de vacantes:Given que estoy en la pagina de choucair [Abrir pagina choucair], When ingreso a la seccion de empleo [Ir pagina de empleo], Then puedo consultar las vacantes disponibles [Que es choucair, Convocatorias]
[Test worker] WARN net.thucydides.core.steps.BaseStepListener - TestOutcomes: [Consulta de vacantes:Given que estoy en la pagina de choucair [Abrir pagina choucair], When ingreso a la seccion de empleo [Ir pagina de empleo], Then puedo consultar las vacantes disponibles [Que es choucair, Convocatorias]]
[Test worker] WARN net.thucydides.core.steps.BaseStepListener - Final testOutcomes: [Consulta de vacantes:Given que estoy en la pagina de choucair [Abrir pagina choucair], When ingreso a la seccion de empleo [Ir pagina de empleo], Then puedo consultar las vacantes disponibles [Que es choucair, Convocatorias]]
[Test worker] ERROR net.thucydides.core.steps.ConsoleLoggingListener - 
           __  _____ _____ ____ _____   _____ _    ___ _     _____ ____  
  _       / / |_   _| ____/ ___|_   _| |  ___/ \  |_ _| |   | ____|  _ \ 
 (_)_____| |    | | |  _| \___ \ | |   | |_ / _ \  | || |   |  _| | | | |
  _|_____| |    | | | |___ ___) || |   |  _/ ___ \ | || |___| |___| |_| |
 (_)     | |    |_| |_____|____/ |_|   |_|/_/   \_\___|_____|_____|____/ 
          \_\                                                            

TEST FAILED WITH ERROR: Consulta de vacantes
---------------------------------------------------------------------
[Test worker] ERROR net.thucydides.core.steps.ConsoleLoggingListener - TEST FAILED AT STEP Convocatorias
[Test worker] ERROR net.thucydides.core.steps.ConsoleLoggingListener - element click intercepted: Element <a href="#convocatorias">...</a> is not clickable at point (674, 9). Other element would receive the click: <li id="menu-item-1876" class="menu-item menu-item-type-post_type menu-item-object-page menu-item-1876">...</li>
]]></system-err>
</testsuite>
